GROUP,PACKAGE,CLASS,INSTRUCTION_MISSED,INSTRUCTION_COVERED,BRANCH_MISSED,BRANCH_COVERED,LINE_MISSED,LINE_COVERED,COMPLEXITY_MISSED,COMPLEXITY_COVERED,METHOD_MISSED,METHOD_COVERED
ejercicio03,es.UCLM.esi.ISO2.C01.Ejercicio03,EspacioDeOcio,37,100,5,13,9,44,9,18,4,14
ejercicio03,es.UCLM.esi.ISO2.C01.Ejercicio03,PronosticoMeteorologico,15,46,5,5,3,17,5,7,0,7
ejercicio03,es.UCLM.esi.ISO2.C01.Ejercicio03,Usuario,19,67,3,3,5,26,6,10,3,10
ejercicio03,es.UCLM.esi.ISO2.C01.Ejercicio03,Precipitaciones,0,21,0,0,0,4,0,1,0,1
ejercicio03,es.UCLM.esi.ISO2.C01.Ejercicio03,RecomendadorActividades,45,201,39,41,14,66,32,21,0,13
